2025-02-06 12:12:54,039 - root - INFO - Logging initialized. Log file: /Users/naeemujeeb/PycharmProjects/GlobalHQ/GlobalVault/src/logs/news_scraper_20250206_121254.log
2025-02-06 12:12:54,039 - __main__ - INFO - s news scraping
2025-02-06 12:12:54,039 - root - INFO - Logging initialized. Log file: /Users/naeemujeeb/PycharmProjects/GlobalHQ/GlobalVault/src/logs/news_scraper_20250206_121254.log
2025-02-06 12:12:54,040 - news_scraper.scrapers.newsdata_scraper - INFO - API URL is : https://newsdata.io/api/1/latest?apikey=None&prioritydomain=top&category=world&language=en&excludedomain=moneycontrol.com
2025-02-06 12:12:54,040 - news_scraper.scrapers.newsdata_scraper - INFO - Started news scraping
2025-02-06 12:12:54,040 - news_scraper.scrapers.newsdata_scraper - INFO - Starting to fetch from NewsData.io
2025-02-06 12:12:54,444 - news_scraper.scrapers.newsdata_scraper - INFO - {'status': 'error', 'results': {'message': 'The provided API key is not valid.', 'code': 'Unauthorized'}}
2025-02-06 12:12:54,736 - news_scraper.scrapers.newsdata_scraper - INFO - Fetched batch of articles, total: 2
2025-02-06 12:12:55,029 - news_scraper.scrapers.newsdata_scraper - INFO - Fetched batch of articles, total: 4
2025-02-06 12:12:55,368 - news_scraper.scrapers.newsdata_scraper - INFO - Fetched batch of articles, total: 6
2025-02-06 12:12:55,686 - news_scraper.scrapers.newsdata_scraper - INFO - Fetched batch of articles, total: 8
2025-02-06 12:12:57,951 - news_scraper.scrapers.newsdata_scraper - INFO - Fetched batch of articles, total: 10
2025-02-06 12:12:58,336 - news_scraper.scrapers.newsdata_scraper - INFO - Fetched batch of articles, total: 12
2025-02-06 12:12:58,794 - news_scraper.scrapers.newsdata_scraper - INFO - Fetched batch of articles, total: 14
2025-02-06 12:12:59,084 - news_scraper.scrapers.newsdata_scraper - INFO - Fetched batch of articles, total: 16
2025-02-06 12:12:59,085 - news_scraper.scrapers.newsdata_scraper - INFO - Finished fetching articles, total: 16
2025-02-06 12:12:59,085 - news_scraper.scrapers.newsdata_scraper - INFO - Raw articles: ['message', 'code']
2025-02-06 12:12:59,085 - utils.article_formatter - ERROR - Error exception article : string indices must be integers
2025-02-06 12:12:59,085 - utils.article_formatter - ERROR - Error exception article : string indices must be integers
2025-02-06 12:12:59,085 - utils.article_formatter - ERROR - Error exception article : string indices must be integers
2025-02-06 12:12:59,086 - utils.article_formatter - ERROR - Error exception article : string indices must be integers
2025-02-06 12:12:59,086 - utils.article_formatter - ERROR - Error exception article : string indices must be integers
2025-02-06 12:12:59,086 - utils.article_formatter - ERROR - Error exception article : string indices must be integers
2025-02-06 12:12:59,086 - utils.article_formatter - ERROR - Error exception article : string indices must be integers
2025-02-06 12:12:59,086 - utils.article_formatter - ERROR - Error exception article : string indices must be integers
2025-02-06 12:12:59,086 - utils.article_formatter - ERROR - Error exception article : string indices must be integers
2025-02-06 12:12:59,086 - utils.article_formatter - ERROR - Error exception article : string indices must be integers
2025-02-06 12:12:59,086 - utils.article_formatter - ERROR - Error exception article : string indices must be integers
2025-02-06 12:12:59,087 - utils.article_formatter - ERROR - Error exception article : string indices must be integers
2025-02-06 12:12:59,087 - utils.article_formatter - ERROR - Error exception article : string indices must be integers
2025-02-06 12:12:59,087 - utils.article_formatter - ERROR - Error exception article : string indices must be integers
2025-02-06 12:12:59,087 - utils.article_formatter - ERROR - Error exception article : string indices must be integers
2025-02-06 12:12:59,087 - news_scraper.scrapers.newsdata_scraper - WARNING - No existing articles file found at /Users/naeemujeeb/PycharmProjects/GlobalHQ/GlobalVault/src/data/processed/transformed_articles.json
2025-02-06 12:12:59,088 - news_scraper.scrapers.newsdata_scraper - INFO - Added 0 new formatted articles
2025-02-06 12:12:59,088 - news_scraper.scrapers.newsdata_scraper - INFO - Total articles in processed file: 0
2025-02-06 12:12:59,088 - news_scraper.scrapers.newsdata_scraper - INFO - Completed newsdata scraping
